{"level":"error","message":"Fri Feb 24 2023 14:56:59 GMT+0700 (Western Indonesia Time)-{}","private":true}
{"level":"error","message":"Fri Feb 24 2023 14:58:19 GMT+0700 (Western Indonesia Time)-{\"name\":\"Data Not Found\",\"statusCode\":{}}","private":true}
{"level":"error","message":"Fri Feb 24 2023 14:58:40 GMT+0700 (Western Indonesia Time)-{\"name\":\"Data Not Found\",\"statusCode\":{}}","private":true}
{"level":"error","message":"Fri Feb 24 2023 15:03:46 GMT+0700 (Western Indonesia Time)-{\"name\":\"Data Not Found\",\"statusCode\":{}}","private":true}
{"level":"error","message":"Fri Feb 24 2023 15:04:23 GMT+0700 (Western Indonesia Time)-{\"name\":\"Data Not Found\",\"statusCode\":{}}","private":true}
{"level":"error","message":"Fri Feb 24 2023 15:05:00 GMT+0700 (Western Indonesia Time)-{\"name\":\"Data Not Found\",\"statusCode\":{}}","private":true}
{"level":"error","message":"Fri Feb 24 2023 15:05:45 GMT+0700 (Western Indonesia Time)-{\"name\":\"Data Not Found\",\"statusCode\":{}}","private":true}
{"level":"error","message":"Fri Feb 24 2023 15:08:55 GMT+0700 (Western Indonesia Time)-{\"name\":\"Data Not Found\",\"statusCode\":{}}","private":true}
{"level":"error","message":"Sat Feb 25 2023 14:57:30 GMT+0700 (Western Indonesia Time)-{\"name\":\"Signup Failed\",\"statusCode\":{\"clientVersion\":\"4.10.1\"}}","private":true}
{"level":"error","message":"Sat Feb 25 2023 14:58:40 GMT+0700 (Western Indonesia Time)-{\"name\":\"Signup Failed\",\"statusCode\":{\"clientVersion\":\"4.10.1\"}}","private":true}
{"level":"error","message":"Sat Feb 25 2023 15:00:24 GMT+0700 (Western Indonesia Time)-{\"name\":\"Signup Failed\",\"statusCode\":{\"code\":\"P2002\",\"clientVersion\":\"4.10.1\",\"meta\":{\"target\":\"User_username_key\"}}}","private":true}
{"level":"error","message":"Sat Feb 25 2023 15:06:17 GMT+0700 (Western Indonesia Time)-{}","private":true}
{"level":"error","message":"Sat Feb 25 2023 15:07:14 GMT+0700 (Western Indonesia Time)-{}","private":true}
{"level":"error","message":"Sat Feb 25 2023 15:07:44 GMT+0700 (Western Indonesia Time)-{\"name\":\"SignIn Failed\",\"statusCode\":{}}","private":true}
{"level":"error","message":"Sat Feb 25 2023 15:08:28 GMT+0700 (Western Indonesia Time)-{\"name\":\"SignIn Failed\",\"statusCode\":{}}","private":true}
{"level":"error","message":"Sat Feb 25 2023 15:09:30 GMT+0700 (Western Indonesia Time)-{\"name\":\"SignIn Failed\",\"statusCode\":{}}","private":true}
{"level":"error","message":"Sat Feb 25 2023 15:12:03 GMT+0700 (Western Indonesia Time)-{\"name\":\"SignIn Failed\",\"statusCode\":{}}","private":true}
{"level":"error","message":"Sat Feb 25 2023 17:22:02 GMT+0700 (Western Indonesia Time)-{\"name\":\"SignIn Failed\",\"statusCode\":{},\"isOperational\":true}","private":true}
{"level":"error","message":"Sun Feb 26 2023 08:03:31 GMT+0700 (Western Indonesia Time)-{}","private":true}
{"level":"error","message":"Sun Feb 26 2023 08:04:26 GMT+0700 (Western Indonesia Time)-{}","private":true}
{"level":"error","message":"Sun Feb 26 2023 08:18:16 GMT+0700 (Western Indonesia Time)-{\"name\":\"Update Failed\",\"statusCode\":{},\"isOperational\":true}","private":true}
{"level":"error","message":"Sun Feb 26 2023 08:22:55 GMT+0700 (Western Indonesia Time)-{\"name\":\"Delete Users Failed\",\"statusCode\":{\"code\":\"P2025\",\"clientVersion\":\"4.10.1\",\"meta\":{\"cause\":\"Record to delete does not exist.\"}},\"isOperational\":true}","private":true}
{"level":"error","message":"Sun Feb 26 2023 08:37:27 GMT+0700 (Western Indonesia Time)-{\"name\":\"Create Role Failed\",\"statusCode\":500,\"isOperational\":true}","private":true}
{"level":"error","message":"Tue Feb 28 2023 14:38:54 GMT+0700 (Western Indonesia Time)-{\"name\":\"SignIn Failed\",\"statusCode\":{},\"isOperational\":true}","private":true}
{"level":"error","message":"Wed Mar 01 2023 08:05:51 GMT+0700 (Western Indonesia Time)-{\"name\":\"SignIn Failed\",\"statusCode\":{\"clientVersion\":\"4.10.1\"},\"isOperational\":true}","private":true}
{"level":"error","message":"Wed Mar 01 2023 08:14:09 GMT+0700 (Western Indonesia Time)-{\"name\":\"Create Emoney Failed\",\"statusCode\":{\"clientVersion\":\"4.10.1\"},\"isOperational\":true}","private":true}
{"level":"error","message":"Wed Mar 01 2023 08:19:56 GMT+0700 (Western Indonesia Time)-{\"name\":\"Create Candidate Failed\",\"statusCode\":500,\"isOperational\":true}","private":true}
{"level":"error","message":"Wed Mar 01 2023 08:20:33 GMT+0700 (Western Indonesia Time)-{\"name\":\"Create Candidate Failed\",\"statusCode\":500,\"isOperational\":true}","private":true}
{"level":"error","message":"Wed Mar 01 2023 08:28:52 GMT+0700 (Western Indonesia Time)-{\"name\":\"Create Voter Failed\",\"statusCode\":500,\"isOperational\":true}","private":true}
{"level":"error","message":"Wed Mar 01 2023 08:29:21 GMT+0700 (Western Indonesia Time)-{\"name\":\"Create Voter Failed\",\"statusCode\":500,\"isOperational\":true}","private":true}
{"level":"error","message":"Wed Mar 01 2023 08:29:56 GMT+0700 (Western Indonesia Time)-{\"name\":\"Create Voter Failed\",\"statusCode\":500,\"isOperational\":true}","private":true}
{"level":"error","message":"Sun Mar 05 2023 21:50:42 GMT+0700 (Western Indonesia Time)-{\"name\":\"Create Profince Failed\",\"statusCode\":500,\"isOperational\":true}","private":true}
{"level":"error","message":"Sun Mar 05 2023 21:50:56 GMT+0700 (Western Indonesia Time)-{\"name\":\"Create Profince Failed\",\"statusCode\":500,\"isOperational\":true}","private":true}
{"level":"error","message":"Sun Mar 05 2023 21:51:07 GMT+0700 (Western Indonesia Time)-{\"name\":\"Create Profince Failed\",\"statusCode\":500,\"isOperational\":true}","private":true}
{"level":"error","message":"Sun Mar 05 2023 21:51:28 GMT+0700 (Western Indonesia Time)-{\"name\":\"Create Profince Failed\",\"statusCode\":500,\"isOperational\":true}","private":true}
{"level":"error","message":"Sun Mar 05 2023 21:52:35 GMT+0700 (Western Indonesia Time)-{\"name\":\"Create Profince Failed\",\"statusCode\":500,\"isOperational\":true}","private":true}
{"level":"error","message":"Sun Mar 05 2023 21:53:29 GMT+0700 (Western Indonesia Time)-{\"name\":\"Create Profince Failed\",\"statusCode\":500,\"isOperational\":true}","private":true}
{"level":"error","message":"Mon Mar 13 2023 16:10:48 GMT+0700 (Western Indonesia Time)-{\"name\":\"Failed Delete subdistrict\",\"statusCode\":500,\"isOperational\":true}","private":true}
{"level":"error","message":"Mon Mar 13 2023 16:11:48 GMT+0700 (Western Indonesia Time)-{\"name\":\"Failed Delete subdistrict\",\"statusCode\":500,\"isOperational\":true}","private":true}
{"level":"error","message":"Mon Mar 13 2023 16:13:00 GMT+0700 (Western Indonesia Time)-{\"name\":\"Failed Delete subdistrict\",\"statusCode\":500,\"isOperational\":true}","private":true}
{"level":"error","message":"Mon Mar 13 2023 16:17:49 GMT+0700 (Western Indonesia Time)-{\"name\":\"Create village Failed\",\"statusCode\":500,\"isOperational\":true}","private":true}
{"level":"error","message":"Mon Mar 13 2023 16:21:01 GMT+0700 (Western Indonesia Time)-{}","private":true}
{"level":"error","message":"Mon Mar 13 2023 16:21:59 GMT+0700 (Western Indonesia Time)-{}","private":true}
{"level":"error","message":"Mon Mar 13 2023 16:22:37 GMT+0700 (Western Indonesia Time)-{}","private":true}
{"level":"error","message":"Mon Mar 13 2023 16:23:22 GMT+0700 (Western Indonesia Time)-{}","private":true}
{"level":"error","message":"Mon Mar 13 2023 16:23:48 GMT+0700 (Western Indonesia Time)-{}","private":true}
{"level":"error","message":"Mon Mar 13 2023 16:24:26 GMT+0700 (Western Indonesia Time)-{}","private":true}
{"level":"error","message":"Mon Mar 13 2023 16:26:25 GMT+0700 (Western Indonesia Time)-{}","private":true}
{"level":"error","message":"Mon Mar 13 2023 16:32:34 GMT+0700 (Western Indonesia Time)-{}","private":true}
{"level":"error","message":"Mon Mar 13 2023 16:42:13 GMT+0700 (Western Indonesia Time)-{}","private":true}
{"level":"error","message":"Mon Mar 13 2023 16:43:10 GMT+0700 (Western Indonesia Time)-{}","private":true}
{"level":"error","message":"Mon Mar 13 2023 16:43:37 GMT+0700 (Western Indonesia Time)-{\"name\":\"Failed Update village\",\"statusCode\":500,\"isOperational\":true}","private":true}
{"level":"error","message":"Mon Mar 13 2023 16:45:17 GMT+0700 (Western Indonesia Time)-{}","private":true}
{"level":"error","message":"Mon Mar 13 2023 16:47:41 GMT+0700 (Western Indonesia Time)-{\"name\":\"Create Candidate Failed\",\"statusCode\":500,\"isOperational\":true}","private":true}
{"level":"error","message":"Mon Mar 13 2023 16:49:10 GMT+0700 (Western Indonesia Time)-{\"name\":\"Create Candidate Failed\",\"statusCode\":500,\"isOperational\":true}","private":true}
{"level":"error","message":"Mon Mar 13 2023 16:49:18 GMT+0700 (Western Indonesia Time)-{\"name\":\"Create Candidate Failed\",\"statusCode\":500,\"isOperational\":true}","private":true}
{"level":"error","message":"Mon Mar 13 2023 16:49:57 GMT+0700 (Western Indonesia Time)-{\"name\":\"Create Candidate Failed\",\"statusCode\":500,\"isOperational\":true}","private":true}
{"level":"error","message":"Mon Mar 13 2023 18:08:32 GMT+0700 (Western Indonesia Time)-{\"name\":\"Get Candidate Failed\",\"statusCode\":500,\"isOperational\":true}","private":true}
{"level":"error","message":"Mon Mar 13 2023 18:10:23 GMT+0700 (Western Indonesia Time)-{\"name\":\"Get Candidate Failed\",\"statusCode\":500,\"isOperational\":true}","private":true}
{"level":"error","message":"Mon Mar 13 2023 18:12:38 GMT+0700 (Western Indonesia Time)-{\"name\":\"Get Candidate Failed\",\"statusCode\":500,\"isOperational\":true}","private":true}
{"level":"error","message":"Mon Mar 13 2023 18:13:22 GMT+0700 (Western Indonesia Time)-{\"name\":\"Get Candidate Failed\",\"statusCode\":500,\"isOperational\":true}","private":true}
{"level":"error","message":"Mon Mar 13 2023 18:13:39 GMT+0700 (Western Indonesia Time)-{\"name\":\"Get Candidate Failed\",\"statusCode\":500,\"isOperational\":true}","private":true}
{"level":"error","message":"Mon Mar 13 2023 18:13:45 GMT+0700 (Western Indonesia Time)-{\"name\":\"Get Candidate Failed\",\"statusCode\":500,\"isOperational\":true}","private":true}
{"level":"error","message":"Mon Mar 13 2023 18:15:36 GMT+0700 (Western Indonesia Time)-{}","private":true}
{"level":"error","message":"Mon Mar 13 2023 18:15:58 GMT+0700 (Western Indonesia Time)-{}","private":true}
{"level":"error","message":"Mon Mar 13 2023 18:16:12 GMT+0700 (Western Indonesia Time)-{}","private":true}
{"level":"error","message":"Mon Mar 13 2023 18:16:18 GMT+0700 (Western Indonesia Time)-{}","private":true}
{"level":"error","message":"Mon Mar 13 2023 18:17:22 GMT+0700 (Western Indonesia Time)-{\"name\":\"Get Candidate Failed\",\"statusCode\":500,\"isOperational\":true}","private":true}
{"level":"error","message":"Mon Mar 13 2023 18:20:13 GMT+0700 (Western Indonesia Time)-{\"name\":\"Get Candidate Failed\",\"statusCode\":500,\"isOperational\":true}","private":true}
{"level":"error","message":"Mon Mar 13 2023 18:22:43 GMT+0700 (Western Indonesia Time)-{\"name\":\"Create Voter Failed\",\"statusCode\":500,\"isOperational\":true}","private":true}
{"level":"error","message":"Mon Mar 13 2023 18:26:16 GMT+0700 (Western Indonesia Time)-{\"name\":\"Create Voter Failed\",\"statusCode\":500,\"isOperational\":true}","private":true}
{"level":"error","message":"Mon Mar 13 2023 18:26:43 GMT+0700 (Western Indonesia Time)-{\"name\":\"Create Voter Failed\",\"statusCode\":500,\"isOperational\":true}","private":true}
{"level":"error","message":"Mon Mar 13 2023 18:27:05 GMT+0700 (Western Indonesia Time)-{\"name\":\"Create Voter Failed\",\"statusCode\":500,\"isOperational\":true}","private":true}
{"level":"error","message":"Mon Mar 13 2023 18:37:55 GMT+0700 (Western Indonesia Time)-{\"name\":\"Update Voter Failed\",\"statusCode\":500,\"isOperational\":true}","private":true}
{"level":"error","message":"Thu Mar 16 2023 20:04:18 GMT+0700 (Western Indonesia Time)-{\"name\":\"SignIn Failed\",\"statusCode\":{},\"isOperational\":true}","private":true}
{"level":"error","message":"Wed Apr 05 2023 11:25:02 GMT+0700 (Western Indonesia Time)-{\"name\":\"SignIn Failed\",\"statusCode\":{},\"isOperational\":true}","private":true}
{"level":"error","message":"Wed Apr 05 2023 11:28:52 GMT+0700 (Western Indonesia Time)-{\"name\":\"SignIn Failed\",\"statusCode\":{},\"isOperational\":true}","private":true}
{"level":"error","message":"Wed Apr 05 2023 11:29:18 GMT+0700 (Western Indonesia Time)-{}","private":true}
{"level":"error","message":"Wed Apr 05 2023 11:32:50 GMT+0700 (Western Indonesia Time)-{\"name\":\"SignIn Failed\",\"statusCode\":401,\"isOperational\":true}","private":true}
{"level":"error","message":"Wed Apr 05 2023 11:33:14 GMT+0700 (Western Indonesia Time)-{\"name\":\"SignIn Failed\",\"statusCode\":401,\"isOperational\":true}","private":true}
{"level":"error","message":"Wed Apr 05 2023 12:11:05 GMT+0700 (Western Indonesia Time)-{\"name\":\"SignIn Failed\",\"statusCode\":401,\"isOperational\":true}","private":true}
{"level":"error","message":"Wed Apr 05 2023 12:20:55 GMT+0700 (Western Indonesia Time)-{\"name\":\"SignIn Failed\",\"statusCode\":401,\"isOperational\":true}","private":true}
{"level":"error","message":"Wed Apr 05 2023 12:21:07 GMT+0700 (Western Indonesia Time)-{\"name\":\"SignIn Failed\",\"statusCode\":401,\"isOperational\":true}","private":true}
{"level":"error","message":"Wed Apr 05 2023 12:25:48 GMT+0700 (Western Indonesia Time)-{\"name\":\"SignIn Failed\",\"statusCode\":401,\"isOperational\":true}","private":true}
{"level":"error","message":"Wed Apr 05 2023 12:26:45 GMT+0700 (Western Indonesia Time)-{\"name\":\"SignIn Failed\",\"statusCode\":401,\"isOperational\":true}","private":true}
{"level":"error","message":"Wed Apr 05 2023 12:27:14 GMT+0700 (Western Indonesia Time)-{\"name\":\"SignIn Failed\",\"statusCode\":401,\"isOperational\":true}","private":true}
{"level":"error","message":"Wed Apr 05 2023 14:09:34 GMT+0700 (Western Indonesia Time)-{\"name\":\"user not found\",\"statusCode\":500,\"isOperational\":true}","private":true}
{"level":"error","message":"Wed Apr 05 2023 14:10:02 GMT+0700 (Western Indonesia Time)-{\"name\":\"user not found\",\"statusCode\":500,\"isOperational\":true}","private":true}
{"level":"error","message":"Wed Apr 05 2023 14:10:25 GMT+0700 (Western Indonesia Time)-{\"name\":\"user not found\",\"statusCode\":500,\"isOperational\":true}","private":true}
{"level":"error","message":"Wed Apr 05 2023 17:58:22 GMT+0700 (Western Indonesia Time)-{\"name\":\"Delete Users Failed\",\"statusCode\":{\"code\":\"P2025\",\"clientVersion\":\"4.10.1\",\"meta\":{\"cause\":\"Record to delete does not exist.\"}},\"isOperational\":true}","private":true}
{"level":"error","message":"Wed Apr 05 2023 17:58:23 GMT+0700 (Western Indonesia Time)-{\"name\":\"Delete Users Failed\",\"statusCode\":{\"code\":\"P2025\",\"clientVersion\":\"4.10.1\",\"meta\":{\"cause\":\"Record to delete does not exist.\"}},\"isOperational\":true}","private":true}
{"level":"error","message":"Wed Apr 05 2023 17:58:23 GMT+0700 (Western Indonesia Time)-{\"name\":\"Delete Users Failed\",\"statusCode\":{\"code\":\"P2025\",\"clientVersion\":\"4.10.1\",\"meta\":{\"cause\":\"Record to delete does not exist.\"}},\"isOperational\":true}","private":true}
{"level":"error","message":"Wed Apr 05 2023 17:58:23 GMT+0700 (Western Indonesia Time)-{\"name\":\"Delete Users Failed\",\"statusCode\":{\"code\":\"P2025\",\"clientVersion\":\"4.10.1\",\"meta\":{\"cause\":\"Record to delete does not exist.\"}},\"isOperational\":true}","private":true}
{"level":"error","message":"Wed Apr 05 2023 17:58:24 GMT+0700 (Western Indonesia Time)-{\"name\":\"Delete Users Failed\",\"statusCode\":{\"code\":\"P2025\",\"clientVersion\":\"4.10.1\",\"meta\":{\"cause\":\"Record to delete does not exist.\"}},\"isOperational\":true}","private":true}
{"level":"error","message":"Wed Apr 05 2023 17:58:24 GMT+0700 (Western Indonesia Time)-{\"name\":\"Delete Users Failed\",\"statusCode\":{\"code\":\"P2025\",\"clientVersion\":\"4.10.1\",\"meta\":{\"cause\":\"Record to delete does not exist.\"}},\"isOperational\":true}","private":true}
{"level":"error","message":"Wed Apr 05 2023 18:01:26 GMT+0700 (Western Indonesia Time)-{\"name\":\"Delete Users Failed\",\"statusCode\":{\"code\":\"P2025\",\"clientVersion\":\"4.10.1\",\"meta\":{\"cause\":\"Record to delete does not exist.\"}},\"isOperational\":true}","private":true}
{"level":"error","message":"Wed Apr 05 2023 18:01:26 GMT+0700 (Western Indonesia Time)-{\"name\":\"Delete Users Failed\",\"statusCode\":{\"code\":\"P2025\",\"clientVersion\":\"4.10.1\",\"meta\":{\"cause\":\"Record to delete does not exist.\"}},\"isOperational\":true}","private":true}
{"level":"error","message":"Wed Apr 05 2023 18:01:26 GMT+0700 (Western Indonesia Time)-{\"name\":\"Delete Users Failed\",\"statusCode\":{\"code\":\"P2025\",\"clientVersion\":\"4.10.1\",\"meta\":{\"cause\":\"Record to delete does not exist.\"}},\"isOperational\":true}","private":true}
{"level":"error","message":"Wed Apr 05 2023 18:01:26 GMT+0700 (Western Indonesia Time)-{\"name\":\"Delete Users Failed\",\"statusCode\":{\"code\":\"P2025\",\"clientVersion\":\"4.10.1\",\"meta\":{\"cause\":\"Record to delete does not exist.\"}},\"isOperational\":true}","private":true}
{"level":"error","message":"Wed Apr 05 2023 18:01:26 GMT+0700 (Western Indonesia Time)-{\"name\":\"Delete Users Failed\",\"statusCode\":{\"code\":\"P2025\",\"clientVersion\":\"4.10.1\",\"meta\":{\"cause\":\"Record to delete does not exist.\"}},\"isOperational\":true}","private":true}
{"level":"error","message":"Wed Apr 05 2023 18:01:26 GMT+0700 (Western Indonesia Time)-{\"name\":\"Delete Users Failed\",\"statusCode\":{\"code\":\"P2025\",\"clientVersion\":\"4.10.1\",\"meta\":{\"cause\":\"Record to delete does not exist.\"}},\"isOperational\":true}","private":true}
{"level":"error","message":"Wed Apr 05 2023 18:43:36 GMT+0700 (Western Indonesia Time)-{\"name\":\"Create Emoney Failed\",\"statusCode\":{\"clientVersion\":\"4.10.1\"},\"isOperational\":true}","private":true}
{"level":"error","message":"Wed Apr 05 2023 18:44:18 GMT+0700 (Western Indonesia Time)-{\"name\":\"Create Emoney Failed\",\"statusCode\":{\"clientVersion\":\"4.10.1\"},\"isOperational\":true}","private":true}
{"level":"error","message":"Wed Apr 05 2023 20:44:44 GMT+0700 (Western Indonesia Time)-{\"name\":\"Create Emoney Failed\",\"statusCode\":{\"clientVersion\":\"4.10.1\"},\"isOperational\":true}","private":true}
{"level":"error","message":"Wed Apr 05 2023 21:21:36 GMT+0700 (Western Indonesia Time)-{\"name\":\"Get city Failed\",\"statusCode\":500,\"isOperational\":true}","private":true}
{"level":"error","message":"Wed Apr 05 2023 21:36:41 GMT+0700 (Western Indonesia Time)-{\"name\":\"Create City Failed\",\"statusCode\":500,\"isOperational\":true}","private":true}
{"level":"error","message":"Wed Apr 05 2023 23:09:12 GMT+0700 (Western Indonesia Time)-{\"name\":\"Get village Failed\",\"statusCode\":500,\"isOperational\":true}","private":true}
{"level":"error","message":"Wed Apr 05 2023 23:09:16 GMT+0700 (Western Indonesia Time)-{\"name\":\"Get village Failed\",\"statusCode\":500,\"isOperational\":true}","private":true}
{"level":"error","message":"Wed Apr 05 2023 23:18:54 GMT+0700 (Western Indonesia Time)-{\"name\":\"Create village Failed\",\"statusCode\":500,\"isOperational\":true}","private":true}
{"level":"error","message":"Thu Apr 06 2023 09:43:33 GMT+0700 (Western Indonesia Time)-{\"name\":\"Create Candidate Failed\",\"statusCode\":500,\"isOperational\":true}","private":true}
{"level":"error","message":"Thu Apr 06 2023 09:43:51 GMT+0700 (Western Indonesia Time)-{\"name\":\"Create Candidate Failed\",\"statusCode\":500,\"isOperational\":true}","private":true}
{"level":"error","message":"Thu Apr 06 2023 13:20:45 GMT+0700 (Western Indonesia Time)-{\"name\":\"Create Candidate Failed\",\"statusCode\":500,\"isOperational\":true}","private":true}
{"level":"error","message":"Thu Apr 06 2023 13:22:23 GMT+0700 (Western Indonesia Time)-{\"name\":\"Create Candidate Failed\",\"statusCode\":500,\"isOperational\":true}","private":true}
{"level":"error","message":"Thu Apr 06 2023 13:56:59 GMT+0700 (Western Indonesia Time)-{\"name\":\"Create Candidate Failed\",\"statusCode\":500,\"isOperational\":true}","private":true}
{"level":"error","message":"Thu Apr 06 2023 14:01:24 GMT+0700 (Western Indonesia Time)-{\"name\":\"Create Candidate Failed\",\"statusCode\":500,\"isOperational\":true}","private":true}
{"level":"error","message":"Thu Apr 06 2023 14:49:02 GMT+0700 (Western Indonesia Time)-{\"name\":\"Update Candidate Failed\",\"statusCode\":500,\"isOperational\":true}","private":true}
{"level":"error","message":"Thu Apr 06 2023 14:49:41 GMT+0700 (Western Indonesia Time)-{\"name\":\"Update Candidate Failed\",\"statusCode\":500,\"isOperational\":true}","private":true}
{"level":"error","message":"Thu Apr 06 2023 14:50:27 GMT+0700 (Western Indonesia Time)-{\"name\":\"Update Candidate Failed\",\"statusCode\":500,\"isOperational\":true}","private":true}
{"level":"error","message":"Thu Apr 06 2023 14:51:39 GMT+0700 (Western Indonesia Time)-{\"name\":\"Update Candidate Failed\",\"statusCode\":500,\"isOperational\":true}","private":true}
{"level":"error","message":"Thu Apr 06 2023 14:52:09 GMT+0700 (Western Indonesia Time)-{\"name\":\"Update Candidate Failed\",\"statusCode\":500,\"isOperational\":true}","private":true}
{"level":"error","message":"Thu Apr 06 2023 14:58:14 GMT+0700 (Western Indonesia Time)-{\"name\":\"Update Candidate Failed\",\"statusCode\":500,\"isOperational\":true}","private":true}
{"level":"error","message":"Thu Apr 06 2023 15:00:38 GMT+0700 (Western Indonesia Time)-{\"name\":\"Update Candidate Failed\",\"statusCode\":500,\"isOperational\":true}","private":true}
{"level":"error","message":"Thu Apr 06 2023 15:02:31 GMT+0700 (Western Indonesia Time)-{\"name\":\"Update Candidate Failed\",\"statusCode\":500,\"isOperational\":true}","private":true}
{"level":"error","message":"Thu Apr 06 2023 15:04:03 GMT+0700 (Western Indonesia Time)-{\"name\":\"Update Candidate Failed\",\"statusCode\":500,\"isOperational\":true}","private":true}
{"level":"error","message":"Thu Apr 06 2023 15:10:02 GMT+0700 (Western Indonesia Time)-{\"name\":\"Update Candidate Failed\",\"statusCode\":500,\"isOperational\":true}","private":true}
{"level":"error","message":"Thu Apr 06 2023 15:11:01 GMT+0700 (Western Indonesia Time)-{\"name\":\"Update Candidate Failed\",\"statusCode\":500,\"isOperational\":true}","private":true}
{"level":"error","message":"Thu Apr 06 2023 15:12:06 GMT+0700 (Western Indonesia Time)-{\"name\":\"Update Candidate Failed\",\"statusCode\":500,\"isOperational\":true}","private":true}
{"level":"error","message":"Fri Apr 07 2023 12:50:45 GMT+0700 (Western Indonesia Time)-{\"name\":\"Get city Failed\",\"statusCode\":500,\"isOperational\":true}","private":true}
{"level":"error","message":"Fri Apr 07 2023 12:51:25 GMT+0700 (Western Indonesia Time)-{\"name\":\"Get city Failed\",\"statusCode\":500,\"isOperational\":true}","private":true}
{"level":"error","message":"Fri Apr 07 2023 12:52:23 GMT+0700 (Western Indonesia Time)-{\"name\":\"Get city Failed\",\"statusCode\":500,\"isOperational\":true}","private":true}
{"level":"error","message":"Fri Apr 07 2023 13:51:39 GMT+0700 (Western Indonesia Time)-{\"name\":\"Create Voter Failed\",\"statusCode\":500,\"isOperational\":true}","private":true}
{"level":"error","message":"Fri Apr 07 2023 13:52:00 GMT+0700 (Western Indonesia Time)-{\"name\":\"Create Voter Failed\",\"statusCode\":500,\"isOperational\":true}","private":true}
{"level":"error","message":"Fri Apr 07 2023 14:12:58 GMT+0700 (Western Indonesia Time)-{\"name\":\"Create Voter Failed\",\"statusCode\":500,\"isOperational\":true}","private":true}
{"level":"error","message":"Fri Apr 07 2023 14:14:17 GMT+0700 (Western Indonesia Time)-{\"name\":\"Create Voter Failed\",\"statusCode\":500,\"isOperational\":true}","private":true}
{"level":"error","message":"Sat Apr 08 2023 08:09:16 GMT+0700 (Western Indonesia Time)-{\"name\":\"Create City Failed\",\"statusCode\":500,\"isOperational\":true}","private":true}
{"level":"error","message":"Sat Apr 08 2023 08:16:51 GMT+0700 (Western Indonesia Time)-{}","private":true}
{"level":"error","message":"Sat Apr 08 2023 08:18:08 GMT+0700 (Western Indonesia Time)-{}","private":true}
{"level":"error","message":"Sat Apr 08 2023 08:18:26 GMT+0700 (Western Indonesia Time)-{}","private":true}
{"level":"error","message":"Sat Apr 08 2023 08:19:14 GMT+0700 (Western Indonesia Time)-{}","private":true}
{"level":"error","message":"Sat Apr 08 2023 08:24:51 GMT+0700 (Western Indonesia Time)-{}","private":true}
{"level":"error","message":"Sat Apr 08 2023 08:27:33 GMT+0700 (Western Indonesia Time)-{}","private":true}
{"level":"error","message":"Sat Apr 08 2023 08:28:44 GMT+0700 (Western Indonesia Time)-{}","private":true}
{"level":"error","message":"Sat Apr 08 2023 13:17:24 GMT+0700 (Western Indonesia Time)-{\"name\":\"Create Voter Failed\",\"statusCode\":500,\"isOperational\":true}","private":true}
{"level":"error","message":"Sun Apr 30 2023 10:11:00 GMT+0700 (Indochina Time)-{\"name\":\"SignIn Failed\",\"statusCode\":401,\"isOperational\":true}","private":true}
{"level":"error","message":"Sun Apr 30 2023 10:15:26 GMT+0700 (Indochina Time)-{\"name\":\"SignIn Failed\",\"statusCode\":401,\"isOperational\":true}","private":true}
{"level":"error","message":"Sun Apr 30 2023 10:16:58 GMT+0700 (Indochina Time)-{\"name\":\"SignIn Failed\",\"statusCode\":401,\"isOperational\":true}","private":true}
{"level":"error","message":"Tue May 02 2023 10:35:46 GMT+0700 (Indochina Time)-{\"name\":\"SignIn Failed\",\"statusCode\":401,\"isOperational\":true}","private":true}
{"level":"error","message":"Fri May 05 2023 16:26:01 GMT+0700 (Indochina Time)-{\"name\":\"SignIn Failed\",\"statusCode\":401,\"isOperational\":true}","private":true}
{"level":"error","message":"Sun May 07 2023 08:56:54 GMT+0700 (Indochina Time)-{\"name\":\"Get voter Failed\",\"statusCode\":500,\"isOperational\":true}","private":true}
{"level":"error","message":"Sun May 07 2023 08:57:17 GMT+0700 (Indochina Time)-{\"name\":\"Get Province Failed\",\"statusCode\":500,\"isOperational\":true}","private":true}
{"level":"error","message":"Sun May 07 2023 08:59:20 GMT+0700 (Indochina Time)-{\"name\":\"Get voter Failed\",\"statusCode\":500,\"isOperational\":true}","private":true}
{"level":"error","message":"Sun May 07 2023 09:09:37 GMT+0700 (Indochina Time)-{\"name\":\"Get voter Failed\",\"statusCode\":500,\"isOperational\":true}","private":true}
{"level":"error","message":"Sun May 07 2023 09:10:03 GMT+0700 (Indochina Time)-{\"name\":\"Get voter Failed\",\"statusCode\":500,\"isOperational\":true}","private":true}
{"level":"error","message":"Sun May 07 2023 09:14:09 GMT+0700 (Indochina Time)-{\"name\":\"Get voter Failed\",\"statusCode\":500,\"isOperational\":true}","private":true}
{"level":"error","message":"Sun May 07 2023 09:17:04 GMT+0700 (Indochina Time)-{\"name\":\"Get voter Failed\",\"statusCode\":500,\"isOperational\":true}","private":true}
{"level":"error","message":"Sun May 07 2023 09:21:00 GMT+0700 (Indochina Time)-{\"name\":\"Get voter Failed\",\"statusCode\":500,\"isOperational\":true}","private":true}
{"level":"error","message":"Sun May 07 2023 09:21:11 GMT+0700 (Indochina Time)-{\"name\":\"Get voter Failed\",\"statusCode\":500,\"isOperational\":true}","private":true}
{"level":"error","message":"Wed May 10 2023 14:25:18 GMT+0700 (Indochina Time)-{\"name\":\"Get Voter Failed\",\"statusCode\":500,\"isOperational\":true}","private":true}
{"level":"error","message":"Wed May 10 2023 14:41:44 GMT+0700 (Indochina Time)-{\"name\":\"Get Voter Failed\",\"statusCode\":500,\"isOperational\":true}","private":true}
{"level":"error","message":"Wed May 10 2023 14:44:22 GMT+0700 (Indochina Time)-{\"name\":\"Get Voter Failed\",\"statusCode\":500,\"isOperational\":true}","private":true}
{"level":"error","message":"Fri May 12 2023 13:11:05 GMT+0700 (Indochina Time)-{\"name\":\"Get Voter Failed\",\"statusCode\":500,\"isOperational\":true}","private":true}
